<?xml version="1.0" encoding="UTF-8"?>
<!-- Generated by org.testng.reporters.JUnitXMLReporter -->
<testsuite hostname="DESKTOP-LQALKRN" ignored="4" name="Test" tests="4" failures="1" timestamp="12 Jul 2017 10:10:22 GMT" time="112.979" errors="0">
  <testcase name="login" time="8.423" classname="testcases.TC001_Login"/>
  <testcase name="createlead" time="9.321" classname="testcases.TC0003CreateleadPositive">
    <failure type="java.lang.RuntimeException" message="FAILED">
      <![CDATA[java.lang.RuntimeException: FAILED
	at utils.Reporter.reportStep(Reporter.java:33)
	at utils.Reporter.reportStep(Reporter.java:44)
	at pages.MyHomepage.<init>(MyHomepage.java:15)
	at pages.Homepage.clickcrmsfa(Homepage.java:26)
	at testcases.TC0003CreateleadPositive.createlead(TC0003CreateleadPositive.java:32)
	at java.util.concurrent.ThreadPoolExecutor.runWorker(Unknown Source)
	at java.util.concurrent.ThreadPoolExecutor$Worker.run(Unknown Source)
	at java.lang.Thread.run(Unknown Source)
... Removed 10 stack frames]]>
    </failure>
  </testcase> <!-- createlead -->
  <testcase name="login" time="40.738" classname="testcases.TC001_Login"/>
  <testcase name="createlead" time="46.538" classname="testcases.TC0003CreateleadPositive"/>
  <testcase name="@BeforeTest beforeTest" time="0.0" classname="wrappers.LeafTapsWrappers">
    <ignored/>
  </testcase> <!-- @BeforeTest beforeTest -->
  <testcase name="@AfterSuite afterSuite" time="0.0" classname="wrappers.LeafTapsWrappers">
    <ignored/>
  </testcase> <!-- @AfterSuite afterSuite -->
  <testcase name="@BeforeSuite beforeSuite" time="0.0" classname="wrappers.LeafTapsWrappers">
    <ignored/>
  </testcase> <!-- @BeforeSuite beforeSuite -->
  <testcase name="@AfterTest afterTest" time="0.0" classname="wrappers.LeafTapsWrappers">
    <ignored/>
  </testcase> <!-- @AfterTest afterTest -->
</testsuite> <!-- Test -->
